<?xml version="1.0" encoding="UTF-8"?>
<!-- Generated by org.testng.reporters.JUnitXMLReporter -->
<testsuite hostname="ricardo-PC" name="Default test" tests="10" failures="0" timestamp="9 Apr 2014 07:29:42 GMT" time="4.865" errors="0">
  <testcase name="UserDaoShouldNotBeNull" time="0.019" classname="co.edu.unal.software.arquitectura.evnetos.server.services.dao.UserDaoTest"/>
  <testcase name="saveWithAllFields" time="4.693" classname="co.edu.unal.software.arquitectura.evnetos.server.services.dao.UserDaoTest"/>
  <testcase name="saveWithRequiredFields" time="0.005" classname="co.edu.unal.software.arquitectura.evnetos.server.services.dao.UserDaoTest"/>
  <testcase name="usernameShouldBeUnique" time="0.024" classname="co.edu.unal.software.arquitectura.evnetos.server.services.dao.UserDaoTest"/>
  <testcase name="usernameShouldNotBeNull" time="0.009" classname="co.edu.unal.software.arquitectura.evnetos.server.services.dao.UserDaoTest"/>
  <testcase name="readString" time="0.03" classname="co.edu.unal.software.arquitectura.evnetos.server.services.dao.UserDaoTest"/>
  <testcase name="readStringNotExis" time="0.006" classname="co.edu.unal.software.arquitectura.evnetos.server.services.dao.UserDaoTest"/>
  <testcase name="readint" time="0.003" classname="co.edu.unal.software.arquitectura.evnetos.server.services.dao.UserDaoTest"/>
  <testcase name="updateTest" time="0.028" classname="co.edu.unal.software.arquitectura.evnetos.server.services.dao.UserDaoTest"/>
  <testcase name="delete" time="0.011" classname="co.edu.unal.software.arquitectura.evnetos.server.services.dao.UserDaoTest"/>
</testsuite> <!-- Default test -->
