<?xml version="1.0" encoding="UTF-8"?>
<!-- Generated by org.testng.reporters.JUnitXMLReporter -->
<testsuite hostname="ricardo-PC" name="Default test" tests="10" failures="0" timestamp="5 May 2014 00:26:49 GMT" time="3.868" errors="0">
  <testcase name="UserDaoShouldNotBeNull" time="0.01" classname="co.edu.unal.software.arquitectura.evnetos.server.services.dao.UserDaoTest"/>
  <testcase name="saveWithAllFields" time="2.419" classname="co.edu.unal.software.arquitectura.evnetos.server.services.dao.UserDaoTest"/>
  <testcase name="saveWithRequiredFields" time="0.01" classname="co.edu.unal.software.arquitectura.evnetos.server.services.dao.UserDaoTest"/>
  <testcase name="usernameShouldBeUnique" time="0.017" classname="co.edu.unal.software.arquitectura.evnetos.server.services.dao.UserDaoTest"/>
  <testcase name="usernameShouldNotBeNull" time="0.01" classname="co.edu.unal.software.arquitectura.evnetos.server.services.dao.UserDaoTest"/>
  <testcase name="readString" time="0.047" classname="co.edu.unal.software.arquitectura.evnetos.server.services.dao.UserDaoTest"/>
  <testcase name="readStringNotExis" time="0.006" classname="co.edu.unal.software.arquitectura.evnetos.server.services.dao.UserDaoTest"/>
  <testcase name="readint" time="0.004" classname="co.edu.unal.software.arquitectura.evnetos.server.services.dao.UserDaoTest"/>
  <testcase name="updateTest" time="0.01" classname="co.edu.unal.software.arquitectura.evnetos.server.services.dao.UserDaoTest"/>
  <testcase name="delete" time="0.01" classname="co.edu.unal.software.arquitectura.evnetos.server.services.dao.UserDaoTest"/>
</testsuite> <!-- Default test -->
